<?xml version="1.0" encoding="UTF-8"?>
<!-- Generated by org.testng.reporters.JUnitXMLReporter -->
<testsuite ignored="0" hostname="DESKTOP-8RQD3QV" failures="0" tests="2" name="Default test" time="7.921" errors="0" timestamp="2024-03-21T04:12:39 EET">
  <testcase classname="HotelSearchTest.BookingHotelTestCases" name="RandomlySelectCitys" time="1.783"/>
  <testcase classname="HotelSearchTest.BookingHotelTestCases" name="RandomlySelectNumberOfVisitor" time="0.356"/>
</testsuite> <!-- Default test -->
