<?xml version="1.0" encoding="UTF-8"?>
<!-- Generated by org.testng.reporters.JUnitXMLReporter -->
<testsuite ignored="0" hostname="DESKTOP-8RQD3QV" failures="0" tests="4" name="Default test" time="25.881" errors="0" timestamp="2024-03-23T03:17:17 EET">
  <testcase classname="HotelSearchTest.BookingHotelTestCases" name="RandomlySelectCitys" time="0.93"/>
  <testcase classname="HotelSearchTest.BookingHotelTestCases" name="RandomlySelectNumberOfVisitor" time="6.86"/>
  <testcase classname="HotelSearchTest.BookingHotelTestCases" name="PageFullyCompleted" time="12.068"/>
  <testcase classname="HotelSearchTest.BookingHotelTestCases" name="SortPricesFromLowToHigh" time="1.271"/>
</testsuite> <!-- Default test -->
