<?xml version="1.0" encoding="UTF-8"?>
<testng-results ignored="0" total="4" passed="4" failed="0" skipped="0">
  <reporter-output>
  </reporter-output>
  <suite started-at="2024-03-23T03:16:51 EET" name="Default suite" finished-at="2024-03-23T03:17:16 EET" duration-ms="25881">
    <groups>
    </groups>
    <test started-at="2024-03-23T03:16:51 EET" name="Default test" finished-at="2024-03-23T03:17:16 EET" duration-ms="25881">
      <class name="HotelSearchTest.BookingHotelTestCases">
        <test-method is-config="true" signature="Mysetup()[pri:0, instance:HotelSearchTest.BookingHotelTestCases@4c550889]" started-at="2024-03-23T03:16:51 EET" name="Mysetup" finished-at="2024-03-23T03:16:55 EET" duration-ms="4682" status="PASS">
          <reporter-output>
          </reporter-output>
        </test-method> <!-- Mysetup -->
        <test-method signature="RandomlySelectCitys()[pri:1, instance:HotelSearchTest.BookingHotelTestCases@4c550889]" started-at="2024-03-23T03:16:55 EET" name="RandomlySelectCitys" finished-at="2024-03-23T03:16:56 EET" duration-ms="930" status="PASS">
          <reporter-output>
          </reporter-output>
        </test-method> <!-- RandomlySelectCitys -->
        <test-method signature="RandomlySelectNumberOfVisitor()[pri:2, instance:HotelSearchTest.BookingHotelTestCases@4c550889]" started-at="2024-03-23T03:16:56 EET" name="RandomlySelectNumberOfVisitor" finished-at="2024-03-23T03:17:03 EET" duration-ms="6860" status="PASS">
          <reporter-output>
          </reporter-output>
        </test-method> <!-- RandomlySelectNumberOfVisitor -->
        <test-method signature="PageFullyCompleted()[pri:3, instance:HotelSearchTest.BookingHotelTestCases@4c550889]" started-at="2024-03-23T03:17:03 EET" name="PageFullyCompleted" finished-at="2024-03-23T03:17:15 EET" duration-ms="12068" status="PASS">
          <reporter-output>
          </reporter-output>
        </test-method> <!-- PageFullyCompleted -->
        <test-method signature="SortPricesFromLowToHigh()[pri:4, instance:HotelSearchTest.BookingHotelTestCases@4c550889]" started-at="2024-03-23T03:17:15 EET" name="SortPricesFromLowToHigh" finished-at="2024-03-23T03:17:16 EET" duration-ms="1271" status="PASS">
          <reporter-output>
          </reporter-output>
        </test-method> <!-- SortPricesFromLowToHigh -->
      </class> <!-- HotelSearchTest.BookingHotelTestCases -->
    </test> <!-- Default test -->
  </suite> <!-- Default suite -->
</testng-results>
