<?xml version="1.0" encoding="UTF-8"?>
<testng-results ignored="0" total="2" passed="2" failed="0" skipped="0">
  <reporter-output>
  </reporter-output>
  <suite started-at="2024-03-21T04:12:31 EET" name="Default suite" finished-at="2024-03-21T04:12:39 EET" duration-ms="7921">
    <groups>
    </groups>
    <test started-at="2024-03-21T04:12:31 EET" name="Default test" finished-at="2024-03-21T04:12:39 EET" duration-ms="7921">
      <class name="HotelSearchTest.BookingHotelTestCases">
        <test-method is-config="true" signature="Mysetup()[pri:0, instance:HotelSearchTest.BookingHotelTestCases@6ff65192]" started-at="2024-03-21T04:12:31 EET" name="Mysetup" finished-at="2024-03-21T04:12:37 EET" duration-ms="5720" status="PASS">
          <reporter-output>
          </reporter-output>
        </test-method> <!-- Mysetup -->
        <test-method signature="RandomlySelectCitys()[pri:1, instance:HotelSearchTest.BookingHotelTestCases@6ff65192]" started-at="2024-03-21T04:12:37 EET" name="RandomlySelectCitys" finished-at="2024-03-21T04:12:39 EET" duration-ms="1783" status="PASS">
          <reporter-output>
          </reporter-output>
        </test-method> <!-- RandomlySelectCitys -->
        <test-method signature="RandomlySelectNumberOfVisitor()[pri:2, instance:HotelSearchTest.BookingHotelTestCases@6ff65192]" started-at="2024-03-21T04:12:39 EET" name="RandomlySelectNumberOfVisitor" finished-at="2024-03-21T04:12:39 EET" duration-ms="356" status="PASS">
          <reporter-output>
          </reporter-output>
        </test-method> <!-- RandomlySelectNumberOfVisitor -->
      </class> <!-- HotelSearchTest.BookingHotelTestCases -->
    </test> <!-- Default test -->
  </suite> <!-- Default suite -->
</testng-results>
